Using pre-set license
Built from '2020.3/release' branch; Version is '2020.3.1f1 (77a89f25062f) revision 7841951'; Using compiler version '192528614'; Build Type 'Release'
OS: 'Windows 10 Home Single Language; OS build 19042.867; Version 2009; 64bit' Language: 'es' Physical Memory: 6091 MB
BatchMode: 1, IsHumanControllingUs: 0, StartBugReporterOnCrash: 0, Is64bit: 1, IsPro: 0

 COMMAND LINE ARGUMENTS:
C:\Program Files\Unity\Hub\Editor\2020.3.1f1\Editor\Unity.exe
-adb2
-batchMode
-noUpm
-name
AssetImportWorker0
-projectPath
C:/Users/Leo/Documents/Leo/Developer/Unity/Testing/Test Unity Project
-logFile
Logs/AssetImportWorker0.log
-srvPort
63444
Successfully changed project path to: C:/Users/Leo/Documents/Leo/Developer/Unity/Testing/Test Unity Project
C:/Users/Leo/Documents/Leo/Developer/Unity/Testing/Test Unity Project
Using Asset Import Pipeline V2.
Refreshing native plugins compatible for Editor in 55.88 ms, found 0 plugins.
Preloading 0 native plugins for Editor in 0.00 ms.
Initialize engine version: 2020.3.1f1 (77a89f25062f)
[Subsystems] Discovering subsystems at path C:/Program Files/Unity/Hub/Editor/2020.3.1f1/Editor/Data/Resources/UnitySubsystems
[Subsystems] Discovering subsystems at path C:/Users/Leo/Documents/Leo/Developer/Unity/Testing/Test Unity Project/Assets
GfxDevice: creating device client; threaded=0
Direct3D:
    Version:  Direct3D 11.0 [level 11.1]
    Renderer: AMD Radeon(TM) Vega 8 Graphics (ID=0x15d8)
    Vendor:   
    VRAM:     3045 MB
    Driver:   27.20.11044.5003
Initialize mono
Mono path[0] = 'C:/Program Files/Unity/Hub/Editor/2020.3.1f1/Editor/Data/Managed'
Mono path[1] = 'C:/Program Files/Unity/Hub/Editor/2020.3.1f1/Editor/Data/MonoBleedingEdge/lib/mono/unityjit'
Mono config path = 'C:/Program Files/Unity/Hub/Editor/2020.3.1f1/Editor/Data/MonoBleedingEdge/etc'
Using monoOptions --debugger-agent=transport=dt_socket,embedding=1,server=y,suspend=n,address=127.0.0.1:56660
Begin MonoManager ReloadAssembly
